<?xml version="1.0" encoding="UTF-8"?>
<testsuite xmlns:xsi="http://www.w3.org/2001/XMLSchema-instance" xsi:noNamespaceSchemaLocation="https://maven.apache.org/surefire/maven-surefire-plugin/xsd/surefire-test-report-3.0.xsd" version="3.0" name="com.vulnview.controller.AuthControllerTest" time="26.647" tests="3" errors="0" skipped="0" failures="0">
  <properties>
    <property name="java.specification.version" value="17"/>
    <property name="sun.jnu.encoding" value="UTF-8"/>
    <property name="java.class.path" value="/home/tomatofarmer/hoc/undergrad_thesis/vulnview-server/target/test-classes:/home/tomatofarmer/hoc/undergrad_thesis/vulnview-server/target/classes:/home/tomatofarmer/.m2/repository/org/springframework/boot/spring-boot-starter-web/3.2.3/spring-boot-starter-web-3.2.3.jar:/home/tomatofarmer/.m2/repository/org/springframework/boot/spring-boot-starter/3.2.3/spring-boot-starter-3.2.3.jar:/home/tomatofarmer/.m2/repository/org/springframework/boot/spring-boot/3.2.3/spring-boot-3.2.3.jar:/home/tomatofarmer/.m2/repository/org/springframework/boot/spring-boot-autoconfigure/3.2.3/spring-boot-autoconfigure-3.2.3.jar:/home/tomatofarmer/.m2/repository/org/springframework/boot/spring-boot-starter-logging/3.2.3/spring-boot-starter-logging-3.2.3.jar:/home/tomatofarmer/.m2/repository/ch/qos/logback/logback-classic/1.4.14/logback-classic-1.4.14.jar:/home/tomatofarmer/.m2/repository/ch/qos/logback/logback-core/1.4.14/logback-core-1.4.14.jar:/home/tomatofarmer/.m2/repository/org/apache/logging/log4j/log4j-to-slf4j/2.21.1/log4j-to-slf4j-2.21.1.jar:/home/tomatofarmer/.m2/repository/org/apache/logging/log4j/log4j-api/2.21.1/log4j-api-2.21.1.jar:/home/tomatofarmer/.m2/repository/org/slf4j/jul-to-slf4j/2.0.12/jul-to-slf4j-2.0.12.jar:/home/tomatofarmer/.m2/repository/jakarta/annotation/jakarta.annotation-api/2.1.1/jakarta.annotation-api-2.1.1.jar:/home/tomatofarmer/.m2/repository/org/yaml/snakeyaml/2.2/snakeyaml-2.2.jar:/home/tomatofarmer/.m2/repository/org/springframework/boot/spring-boot-starter-json/3.2.3/spring-boot-starter-json-3.2.3.jar:/home/tomatofarmer/.m2/repository/com/fasterxml/jackson/datatype/jackson-datatype-jdk8/2.15.4/jackson-datatype-jdk8-2.15.4.jar:/home/tomatofarmer/.m2/repository/com/fasterxml/jackson/datatype/jackson-datatype-jsr310/2.15.4/jackson-datatype-jsr310-2.15.4.jar:/home/tomatofarmer/.m2/repository/com/fasterxml/jackson/module/jackson-module-parameter-names/2.15.4/jackson-module-parameter-names-2.15.4.jar:/home/tomatofarmer/.m2/repository/org/springframework/boot/spring-boot-starter-tomcat/3.2.3/spring-boot-starter-tomcat-3.2.3.jar:/home/tomatofarmer/.m2/repository/org/apache/tomcat/embed/tomcat-embed-core/10.1.19/tomcat-embed-core-10.1.19.jar:/home/tomatofarmer/.m2/repository/org/apache/tomcat/embed/tomcat-embed-websocket/10.1.19/tomcat-embed-websocket-10.1.19.jar:/home/tomatofarmer/.m2/repository/org/springframework/spring-web/6.1.4/spring-web-6.1.4.jar:/home/tomatofarmer/.m2/repository/org/springframework/spring-beans/6.1.4/spring-beans-6.1.4.jar:/home/tomatofarmer/.m2/repository/org/springframework/spring-webmvc/6.1.4/spring-webmvc-6.1.4.jar:/home/tomatofarmer/.m2/repository/org/springframework/spring-context/6.1.4/spring-context-6.1.4.jar:/home/tomatofarmer/.m2/repository/org/springframework/spring-expression/6.1.4/spring-expression-6.1.4.jar:/home/tomatofarmer/.m2/repository/org/springframework/boot/spring-boot-starter-data-jpa/3.2.3/spring-boot-starter-data-jpa-3.2.3.jar:/home/tomatofarmer/.m2/repository/org/springframework/boot/spring-boot-starter-aop/3.2.3/spring-boot-starter-aop-3.2.3.jar:/home/tomatofarmer/.m2/repository/org/aspectj/aspectjweaver/1.9.21/aspectjweaver-1.9.21.jar:/home/tomatofarmer/.m2/repository/org/springframework/boot/spring-boot-starter-jdbc/3.2.3/spring-boot-starter-jdbc-3.2.3.jar:/home/tomatofarmer/.m2/repository/com/zaxxer/HikariCP/5.0.1/HikariCP-5.0.1.jar:/home/tomatofarmer/.m2/repository/org/springframework/spring-jdbc/6.1.4/spring-jdbc-6.1.4.jar:/home/tomatofarmer/.m2/repository/org/hibernate/orm/hibernate-core/6.4.4.Final/hibernate-core-6.4.4.Final.jar:/home/tomatofarmer/.m2/repository/jakarta/persistence/jakarta.persistence-api/3.1.0/jakarta.persistence-api-3.1.0.jar:/home/tomatofarmer/.m2/repository/jakarta/transaction/jakarta.transaction-api/2.0.1/jakarta.transaction-api-2.0.1.jar:/home/tomatofarmer/.m2/repository/org/jboss/logging/jboss-logging/3.5.3.Final/jboss-logging-3.5.3.Final.jar:/home/tomatofarmer/.m2/repository/org/hibernate/common/hibernate-commons-annotations/6.0.6.Final/hibernate-commons-annotations-6.0.6.Final.jar:/home/tomatofarmer/.m2/repository/io/smallrye/jandex/3.1.2/jandex-3.1.2.jar:/home/tomatofarmer/.m2/repository/com/fasterxml/classmate/1.6.0/classmate-1.6.0.jar:/home/tomatofarmer/.m2/repository/net/bytebuddy/byte-buddy/1.14.12/byte-buddy-1.14.12.jar:/home/tomatofarmer/.m2/repository/org/glassfish/jaxb/jaxb-runtime/4.0.4/jaxb-runtime-4.0.4.jar:/home/tomatofarmer/.m2/repository/org/glassfish/jaxb/jaxb-core/4.0.4/jaxb-core-4.0.4.jar:/home/tomatofarmer/.m2/repository/org/eclipse/angus/angus-activation/2.0.1/angus-activation-2.0.1.jar:/home/tomatofarmer/.m2/repository/org/glassfish/jaxb/txw2/4.0.4/txw2-4.0.4.jar:/home/tomatofarmer/.m2/repository/com/sun/istack/istack-commons-runtime/4.1.2/istack-commons-runtime-4.1.2.jar:/home/tomatofarmer/.m2/repository/jakarta/inject/jakarta.inject-api/2.0.1/jakarta.inject-api-2.0.1.jar:/home/tomatofarmer/.m2/repository/org/antlr/antlr4-runtime/4.13.0/antlr4-runtime-4.13.0.jar:/home/tomatofarmer/.m2/repository/org/springframework/data/spring-data-jpa/3.2.3/spring-data-jpa-3.2.3.jar:/home/tomatofarmer/.m2/repository/org/springframework/data/spring-data-commons/3.2.3/spring-data-commons-3.2.3.jar:/home/tomatofarmer/.m2/repository/org/springframework/spring-orm/6.1.4/spring-orm-6.1.4.jar:/home/tomatofarmer/.m2/repository/org/springframework/spring-tx/6.1.4/spring-tx-6.1.4.jar:/home/tomatofarmer/.m2/repository/org/slf4j/slf4j-api/2.0.12/slf4j-api-2.0.12.jar:/home/tomatofarmer/.m2/repository/org/springframework/spring-aspects/6.1.4/spring-aspects-6.1.4.jar:/home/tomatofarmer/.m2/repository/org/springframework/boot/spring-boot-starter-security/3.2.3/spring-boot-starter-security-3.2.3.jar:/home/tomatofarmer/.m2/repository/org/springframework/spring-aop/6.1.4/spring-aop-6.1.4.jar:/home/tomatofarmer/.m2/repository/org/springframework/security/spring-security-config/6.2.2/spring-security-config-6.2.2.jar:/home/tomatofarmer/.m2/repository/org/springframework/security/spring-security-web/6.2.2/spring-security-web-6.2.2.jar:/home/tomatofarmer/.m2/repository/org/springframework/boot/spring-boot-starter-validation/3.2.3/spring-boot-starter-validation-3.2.3.jar:/home/tomatofarmer/.m2/repository/org/apache/tomcat/embed/tomcat-embed-el/10.1.19/tomcat-embed-el-10.1.19.jar:/home/tomatofarmer/.m2/repository/org/hibernate/validator/hibernate-validator/8.0.1.Final/hibernate-validator-8.0.1.Final.jar:/home/tomatofarmer/.m2/repository/jakarta/validation/jakarta.validation-api/3.0.2/jakarta.validation-api-3.0.2.jar:/home/tomatofarmer/.m2/repository/org/springframework/boot/spring-boot-starter-websocket/3.2.3/spring-boot-starter-websocket-3.2.3.jar:/home/tomatofarmer/.m2/repository/org/springframework/spring-messaging/6.1.4/spring-messaging-6.1.4.jar:/home/tomatofarmer/.m2/repository/org/springframework/spring-websocket/6.1.4/spring-websocket-6.1.4.jar:/home/tomatofarmer/.m2/repository/org/springframework/boot/spring-boot-starter-actuator/3.2.3/spring-boot-starter-actuator-3.2.3.jar:/home/tomatofarmer/.m2/repository/org/springframework/boot/spring-boot-actuator-autoconfigure/3.2.3/spring-boot-actuator-autoconfigure-3.2.3.jar:/home/tomatofarmer/.m2/repository/org/springframework/boot/spring-boot-actuator/3.2.3/spring-boot-actuator-3.2.3.jar:/home/tomatofarmer/.m2/repository/io/micrometer/micrometer-observation/1.12.3/micrometer-observation-1.12.3.jar:/home/tomatofarmer/.m2/repository/io/micrometer/micrometer-commons/1.12.3/micrometer-commons-1.12.3.jar:/home/tomatofarmer/.m2/repository/io/micrometer/micrometer-jakarta9/1.12.3/micrometer-jakarta9-1.12.3.jar:/home/tomatofarmer/.m2/repository/io/micrometer/micrometer-core/1.12.3/micrometer-core-1.12.3.jar:/home/tomatofarmer/.m2/repository/org/hdrhistogram/HdrHistogram/2.1.12/HdrHistogram-2.1.12.jar:/home/tomatofarmer/.m2/repository/org/latencyutils/LatencyUtils/2.0.3/LatencyUtils-2.0.3.jar:/home/tomatofarmer/.m2/repository/org/postgresql/postgresql/42.6.1/postgresql-42.6.1.jar:/home/tomatofarmer/.m2/repository/org/checkerframework/checker-qual/3.31.0/checker-qual-3.31.0.jar:/home/tomatofarmer/.m2/repository/org/cyclonedx/cyclonedx-core-java/7.3.2/cyclonedx-core-java-7.3.2.jar:/home/tomatofarmer/.m2/repository/commons-codec/commons-codec/1.16.1/commons-codec-1.16.1.jar:/home/tomatofarmer/.m2/repository/commons-io/commons-io/2.11.0/commons-io-2.11.0.jar:/home/tomatofarmer/.m2/repository/org/apache/commons/commons-lang3/3.13.0/commons-lang3-3.13.0.jar:/home/tomatofarmer/.m2/repository/com/github/package-url/packageurl-java/1.4.1/packageurl-java-1.4.1.jar:/home/tomatofarmer/.m2/repository/com/fasterxml/jackson/dataformat/jackson-dataformat-xml/2.15.4/jackson-dataformat-xml-2.15.4.jar:/home/tomatofarmer/.m2/repository/com/fasterxml/jackson/core/jackson-core/2.15.4/jackson-core-2.15.4.jar:/home/tomatofarmer/.m2/repository/com/fasterxml/jackson/core/jackson-annotations/2.15.4/jackson-annotations-2.15.4.jar:/home/tomatofarmer/.m2/repository/org/codehaus/woodstox/stax2-api/4.2.1/stax2-api-4.2.1.jar:/home/tomatofarmer/.m2/repository/com/fasterxml/woodstox/woodstox-core/6.5.1/woodstox-core-6.5.1.jar:/home/tomatofarmer/.m2/repository/com/networknt/json-schema-validator/1.0.77/json-schema-validator-1.0.77.jar:/home/tomatofarmer/.m2/repository/com/ethlo/time/itu/1.7.0/itu-1.7.0.jar:/home/tomatofarmer/.m2/repository/io/jsonwebtoken/jjwt-api/0.11.5/jjwt-api-0.11.5.jar:/home/tomatofarmer/.m2/repository/io/jsonwebtoken/jjwt-impl/0.11.5/jjwt-impl-0.11.5.jar:/home/tomatofarmer/.m2/repository/io/jsonwebtoken/jjwt-jackson/0.11.5/jjwt-jackson-0.11.5.jar:/home/tomatofarmer/.m2/repository/com/fasterxml/jackson/core/jackson-databind/2.15.4/jackson-databind-2.15.4.jar:/home/tomatofarmer/.m2/repository/org/projectlombok/lombok/1.18.30/lombok-1.18.30.jar:/home/tomatofarmer/.m2/repository/org/springdoc/springdoc-openapi-starter-webmvc-ui/2.3.0/springdoc-openapi-starter-webmvc-ui-2.3.0.jar:/home/tomatofarmer/.m2/repository/org/springdoc/springdoc-openapi-starter-webmvc-api/2.3.0/springdoc-openapi-starter-webmvc-api-2.3.0.jar:/home/tomatofarmer/.m2/repository/org/springdoc/springdoc-openapi-starter-common/2.3.0/springdoc-openapi-starter-common-2.3.0.jar:/home/tomatofarmer/.m2/repository/io/swagger/core/v3/swagger-core-jakarta/2.2.19/swagger-core-jakarta-2.2.19.jar:/home/tomatofarmer/.m2/repository/io/swagger/core/v3/swagger-annotations-jakarta/2.2.19/swagger-annotations-jakarta-2.2.19.jar:/home/tomatofarmer/.m2/repository/io/swagger/core/v3/swagger-models-jakarta/2.2.19/swagger-models-jakarta-2.2.19.jar:/home/tomatofarmer/.m2/repository/com/fasterxml/jackson/dataformat/jackson-dataformat-yaml/2.15.4/jackson-dataformat-yaml-2.15.4.jar:/home/tomatofarmer/.m2/repository/org/webjars/swagger-ui/5.10.3/swagger-ui-5.10.3.jar:/home/tomatofarmer/.m2/repository/org/springframework/boot/spring-boot-starter-test/3.2.3/spring-boot-starter-test-3.2.3.jar:/home/tomatofarmer/.m2/repository/org/springframework/boot/spring-boot-test/3.2.3/spring-boot-test-3.2.3.jar:/home/tomatofarmer/.m2/repository/org/springframework/boot/spring-boot-test-autoconfigure/3.2.3/spring-boot-test-autoconfigure-3.2.3.jar:/home/tomatofarmer/.m2/repository/com/jayway/jsonpath/json-path/2.9.0/json-path-2.9.0.jar:/home/tomatofarmer/.m2/repository/jakarta/xml/bind/jakarta.xml.bind-api/4.0.1/jakarta.xml.bind-api-4.0.1.jar:/home/tomatofarmer/.m2/repository/jakarta/activation/jakarta.activation-api/2.1.2/jakarta.activation-api-2.1.2.jar:/home/tomatofarmer/.m2/repository/net/minidev/json-smart/2.5.0/json-smart-2.5.0.jar:/home/tomatofarmer/.m2/repository/net/minidev/accessors-smart/2.5.0/accessors-smart-2.5.0.jar:/home/tomatofarmer/.m2/repository/org/ow2/asm/asm/9.3/asm-9.3.jar:/home/tomatofarmer/.m2/repository/org/assertj/assertj-core/3.24.2/assertj-core-3.24.2.jar:/home/tomatofarmer/.m2/repository/org/awaitility/awaitility/4.2.0/awaitility-4.2.0.jar:/home/tomatofarmer/.m2/repository/org/hamcrest/hamcrest/2.2/hamcrest-2.2.jar:/home/tomatofarmer/.m2/repository/org/junit/jupiter/junit-jupiter/5.10.2/junit-jupiter-5.10.2.jar:/home/tomatofarmer/.m2/repository/org/junit/jupiter/junit-jupiter-api/5.10.2/junit-jupiter-api-5.10.2.jar:/home/tomatofarmer/.m2/repository/org/opentest4j/opentest4j/1.3.0/opentest4j-1.3.0.jar:/home/tomatofarmer/.m2/repository/org/junit/platform/junit-platform-commons/1.10.2/junit-platform-commons-1.10.2.jar:/home/tomatofarmer/.m2/repository/org/apiguardian/apiguardian-api/1.1.2/apiguardian-api-1.1.2.jar:/home/tomatofarmer/.m2/repository/org/junit/jupiter/junit-jupiter-params/5.10.2/junit-jupiter-params-5.10.2.jar:/home/tomatofarmer/.m2/repository/org/junit/jupiter/junit-jupiter-engine/5.10.2/junit-jupiter-engine-5.10.2.jar:/home/tomatofarmer/.m2/repository/org/junit/platform/junit-platform-engine/1.10.2/junit-platform-engine-1.10.2.jar:/home/tomatofarmer/.m2/repository/org/mockito/mockito-core/5.7.0/mockito-core-5.7.0.jar:/home/tomatofarmer/.m2/repository/net/bytebuddy/byte-buddy-agent/1.14.12/byte-buddy-agent-1.14.12.jar:/home/tomatofarmer/.m2/repository/org/objenesis/objenesis/3.3/objenesis-3.3.jar:/home/tomatofarmer/.m2/repository/org/mockito/mockito-junit-jupiter/5.7.0/mockito-junit-jupiter-5.7.0.jar:/home/tomatofarmer/.m2/repository/org/skyscreamer/jsonassert/1.5.1/jsonassert-1.5.1.jar:/home/tomatofarmer/.m2/repository/com/vaadin/external/google/android-json/0.0.20131108.vaadin1/android-json-0.0.20131108.vaadin1.jar:/home/tomatofarmer/.m2/repository/org/springframework/spring-core/6.1.4/spring-core-6.1.4.jar:/home/tomatofarmer/.m2/repository/org/springframework/spring-jcl/6.1.4/spring-jcl-6.1.4.jar:/home/tomatofarmer/.m2/repository/org/springframework/spring-test/6.1.4/spring-test-6.1.4.jar:/home/tomatofarmer/.m2/repository/org/xmlunit/xmlunit-core/2.9.1/xmlunit-core-2.9.1.jar:/home/tomatofarmer/.m2/repository/org/springframework/security/spring-security-test/6.2.2/spring-security-test-6.2.2.jar:/home/tomatofarmer/.m2/repository/org/springframework/security/spring-security-core/6.2.2/spring-security-core-6.2.2.jar:/home/tomatofarmer/.m2/repository/org/springframework/security/spring-security-crypto/6.2.2/spring-security-crypto-6.2.2.jar:"/>
    <property name="java.vm.vendor" value="Arch Linux"/>
    <property name="sun.arch.data.model" value="64"/>
    <property name="java.vendor.url" value="https://openjdk.java.net/"/>
    <property name="user.timezone" value="Asia/Ho_Chi_Minh"/>
    <property name="org.jboss.logging.provider" value="slf4j"/>
    <property name="os.name" value="Linux"/>
    <property name="java.vm.specification.version" value="17"/>
    <property name="sun.java.launcher" value="SUN_STANDARD"/>
    <property name="user.country" value="US"/>
    <property name="sun.boot.library.path" value="/usr/lib/jvm/java-17-openjdk/lib"/>
    <property name="sun.java.command" value="/home/tomatofarmer/hoc/undergrad_thesis/vulnview-server/target/surefire/surefirebooter-20250502114003935_3.jar /home/tomatofarmer/hoc/undergrad_thesis/vulnview-server/target/surefire 2025-05-02T11-40-03_743-jvmRun1 surefire-20250502114003935_1tmp surefire_0-20250502114003935_2tmp"/>
    <property name="jdk.debug" value="release"/>
    <property name="surefire.test.class.path" value="/home/tomatofarmer/hoc/undergrad_thesis/vulnview-server/target/test-classes:/home/tomatofarmer/hoc/undergrad_thesis/vulnview-server/target/classes:/home/tomatofarmer/.m2/repository/org/springframework/boot/spring-boot-starter-web/3.2.3/spring-boot-starter-web-3.2.3.jar:/home/tomatofarmer/.m2/repository/org/springframework/boot/spring-boot-starter/3.2.3/spring-boot-starter-3.2.3.jar:/home/tomatofarmer/.m2/repository/org/springframework/boot/spring-boot/3.2.3/spring-boot-3.2.3.jar:/home/tomatofarmer/.m2/repository/org/springframework/boot/spring-boot-autoconfigure/3.2.3/spring-boot-autoconfigure-3.2.3.jar:/home/tomatofarmer/.m2/repository/org/springframework/boot/spring-boot-starter-logging/3.2.3/spring-boot-starter-logging-3.2.3.jar:/home/tomatofarmer/.m2/repository/ch/qos/logback/logback-classic/1.4.14/logback-classic-1.4.14.jar:/home/tomatofarmer/.m2/repository/ch/qos/logback/logback-core/1.4.14/logback-core-1.4.14.jar:/home/tomatofarmer/.m2/repository/org/apache/logging/log4j/log4j-to-slf4j/2.21.1/log4j-to-slf4j-2.21.1.jar:/home/tomatofarmer/.m2/repository/org/apache/logging/log4j/log4j-api/2.21.1/log4j-api-2.21.1.jar:/home/tomatofarmer/.m2/repository/org/slf4j/jul-to-slf4j/2.0.12/jul-to-slf4j-2.0.12.jar:/home/tomatofarmer/.m2/repository/jakarta/annotation/jakarta.annotation-api/2.1.1/jakarta.annotation-api-2.1.1.jar:/home/tomatofarmer/.m2/repository/org/yaml/snakeyaml/2.2/snakeyaml-2.2.jar:/home/tomatofarmer/.m2/repository/org/springframework/boot/spring-boot-starter-json/3.2.3/spring-boot-starter-json-3.2.3.jar:/home/tomatofarmer/.m2/repository/com/fasterxml/jackson/datatype/jackson-datatype-jdk8/2.15.4/jackson-datatype-jdk8-2.15.4.jar:/home/tomatofarmer/.m2/repository/com/fasterxml/jackson/datatype/jackson-datatype-jsr310/2.15.4/jackson-datatype-jsr310-2.15.4.jar:/home/tomatofarmer/.m2/repository/com/fasterxml/jackson/module/jackson-module-parameter-names/2.15.4/jackson-module-parameter-names-2.15.4.jar:/home/tomatofarmer/.m2/repository/org/springframework/boot/spring-boot-starter-tomcat/3.2.3/spring-boot-starter-tomcat-3.2.3.jar:/home/tomatofarmer/.m2/repository/org/apache/tomcat/embed/tomcat-embed-core/10.1.19/tomcat-embed-core-10.1.19.jar:/home/tomatofarmer/.m2/repository/org/apache/tomcat/embed/tomcat-embed-websocket/10.1.19/tomcat-embed-websocket-10.1.19.jar:/home/tomatofarmer/.m2/repository/org/springframework/spring-web/6.1.4/spring-web-6.1.4.jar:/home/tomatofarmer/.m2/repository/org/springframework/spring-beans/6.1.4/spring-beans-6.1.4.jar:/home/tomatofarmer/.m2/repository/org/springframework/spring-webmvc/6.1.4/spring-webmvc-6.1.4.jar:/home/tomatofarmer/.m2/repository/org/springframework/spring-context/6.1.4/spring-context-6.1.4.jar:/home/tomatofarmer/.m2/repository/org/springframework/spring-expression/6.1.4/spring-expression-6.1.4.jar:/home/tomatofarmer/.m2/repository/org/springframework/boot/spring-boot-starter-data-jpa/3.2.3/spring-boot-starter-data-jpa-3.2.3.jar:/home/tomatofarmer/.m2/repository/org/springframework/boot/spring-boot-starter-aop/3.2.3/spring-boot-starter-aop-3.2.3.jar:/home/tomatofarmer/.m2/repository/org/aspectj/aspectjweaver/1.9.21/aspectjweaver-1.9.21.jar:/home/tomatofarmer/.m2/repository/org/springframework/boot/spring-boot-starter-jdbc/3.2.3/spring-boot-starter-jdbc-3.2.3.jar:/home/tomatofarmer/.m2/repository/com/zaxxer/HikariCP/5.0.1/HikariCP-5.0.1.jar:/home/tomatofarmer/.m2/repository/org/springframework/spring-jdbc/6.1.4/spring-jdbc-6.1.4.jar:/home/tomatofarmer/.m2/repository/org/hibernate/orm/hibernate-core/6.4.4.Final/hibernate-core-6.4.4.Final.jar:/home/tomatofarmer/.m2/repository/jakarta/persistence/jakarta.persistence-api/3.1.0/jakarta.persistence-api-3.1.0.jar:/home/tomatofarmer/.m2/repository/jakarta/transaction/jakarta.transaction-api/2.0.1/jakarta.transaction-api-2.0.1.jar:/home/tomatofarmer/.m2/repository/org/jboss/logging/jboss-logging/3.5.3.Final/jboss-logging-3.5.3.Final.jar:/home/tomatofarmer/.m2/repository/org/hibernate/common/hibernate-commons-annotations/6.0.6.Final/hibernate-commons-annotations-6.0.6.Final.jar:/home/tomatofarmer/.m2/repository/io/smallrye/jandex/3.1.2/jandex-3.1.2.jar:/home/tomatofarmer/.m2/repository/com/fasterxml/classmate/1.6.0/classmate-1.6.0.jar:/home/tomatofarmer/.m2/repository/net/bytebuddy/byte-buddy/1.14.12/byte-buddy-1.14.12.jar:/home/tomatofarmer/.m2/repository/org/glassfish/jaxb/jaxb-runtime/4.0.4/jaxb-runtime-4.0.4.jar:/home/tomatofarmer/.m2/repository/org/glassfish/jaxb/jaxb-core/4.0.4/jaxb-core-4.0.4.jar:/home/tomatofarmer/.m2/repository/org/eclipse/angus/angus-activation/2.0.1/angus-activation-2.0.1.jar:/home/tomatofarmer/.m2/repository/org/glassfish/jaxb/txw2/4.0.4/txw2-4.0.4.jar:/home/tomatofarmer/.m2/repository/com/sun/istack/istack-commons-runtime/4.1.2/istack-commons-runtime-4.1.2.jar:/home/tomatofarmer/.m2/repository/jakarta/inject/jakarta.inject-api/2.0.1/jakarta.inject-api-2.0.1.jar:/home/tomatofarmer/.m2/repository/org/antlr/antlr4-runtime/4.13.0/antlr4-runtime-4.13.0.jar:/home/tomatofarmer/.m2/repository/org/springframework/data/spring-data-jpa/3.2.3/spring-data-jpa-3.2.3.jar:/home/tomatofarmer/.m2/repository/org/springframework/data/spring-data-commons/3.2.3/spring-data-commons-3.2.3.jar:/home/tomatofarmer/.m2/repository/org/springframework/spring-orm/6.1.4/spring-orm-6.1.4.jar:/home/tomatofarmer/.m2/repository/org/springframework/spring-tx/6.1.4/spring-tx-6.1.4.jar:/home/tomatofarmer/.m2/repository/org/slf4j/slf4j-api/2.0.12/slf4j-api-2.0.12.jar:/home/tomatofarmer/.m2/repository/org/springframework/spring-aspects/6.1.4/spring-aspects-6.1.4.jar:/home/tomatofarmer/.m2/repository/org/springframework/boot/spring-boot-starter-security/3.2.3/spring-boot-starter-security-3.2.3.jar:/home/tomatofarmer/.m2/repository/org/springframework/spring-aop/6.1.4/spring-aop-6.1.4.jar:/home/tomatofarmer/.m2/repository/org/springframework/security/spring-security-config/6.2.2/spring-security-config-6.2.2.jar:/home/tomatofarmer/.m2/repository/org/springframework/security/spring-security-web/6.2.2/spring-security-web-6.2.2.jar:/home/tomatofarmer/.m2/repository/org/springframework/boot/spring-boot-starter-validation/3.2.3/spring-boot-starter-validation-3.2.3.jar:/home/tomatofarmer/.m2/repository/org/apache/tomcat/embed/tomcat-embed-el/10.1.19/tomcat-embed-el-10.1.19.jar:/home/tomatofarmer/.m2/repository/org/hibernate/validator/hibernate-validator/8.0.1.Final/hibernate-validator-8.0.1.Final.jar:/home/tomatofarmer/.m2/repository/jakarta/validation/jakarta.validation-api/3.0.2/jakarta.validation-api-3.0.2.jar:/home/tomatofarmer/.m2/repository/org/springframework/boot/spring-boot-starter-websocket/3.2.3/spring-boot-starter-websocket-3.2.3.jar:/home/tomatofarmer/.m2/repository/org/springframework/spring-messaging/6.1.4/spring-messaging-6.1.4.jar:/home/tomatofarmer/.m2/repository/org/springframework/spring-websocket/6.1.4/spring-websocket-6.1.4.jar:/home/tomatofarmer/.m2/repository/org/springframework/boot/spring-boot-starter-actuator/3.2.3/spring-boot-starter-actuator-3.2.3.jar:/home/tomatofarmer/.m2/repository/org/springframework/boot/spring-boot-actuator-autoconfigure/3.2.3/spring-boot-actuator-autoconfigure-3.2.3.jar:/home/tomatofarmer/.m2/repository/org/springframework/boot/spring-boot-actuator/3.2.3/spring-boot-actuator-3.2.3.jar:/home/tomatofarmer/.m2/repository/io/micrometer/micrometer-observation/1.12.3/micrometer-observation-1.12.3.jar:/home/tomatofarmer/.m2/repository/io/micrometer/micrometer-commons/1.12.3/micrometer-commons-1.12.3.jar:/home/tomatofarmer/.m2/repository/io/micrometer/micrometer-jakarta9/1.12.3/micrometer-jakarta9-1.12.3.jar:/home/tomatofarmer/.m2/repository/io/micrometer/micrometer-core/1.12.3/micrometer-core-1.12.3.jar:/home/tomatofarmer/.m2/repository/org/hdrhistogram/HdrHistogram/2.1.12/HdrHistogram-2.1.12.jar:/home/tomatofarmer/.m2/repository/org/latencyutils/LatencyUtils/2.0.3/LatencyUtils-2.0.3.jar:/home/tomatofarmer/.m2/repository/org/postgresql/postgresql/42.6.1/postgresql-42.6.1.jar:/home/tomatofarmer/.m2/repository/org/checkerframework/checker-qual/3.31.0/checker-qual-3.31.0.jar:/home/tomatofarmer/.m2/repository/org/cyclonedx/cyclonedx-core-java/7.3.2/cyclonedx-core-java-7.3.2.jar:/home/tomatofarmer/.m2/repository/commons-codec/commons-codec/1.16.1/commons-codec-1.16.1.jar:/home/tomatofarmer/.m2/repository/commons-io/commons-io/2.11.0/commons-io-2.11.0.jar:/home/tomatofarmer/.m2/repository/org/apache/commons/commons-lang3/3.13.0/commons-lang3-3.13.0.jar:/home/tomatofarmer/.m2/repository/com/github/package-url/packageurl-java/1.4.1/packageurl-java-1.4.1.jar:/home/tomatofarmer/.m2/repository/com/fasterxml/jackson/dataformat/jackson-dataformat-xml/2.15.4/jackson-dataformat-xml-2.15.4.jar:/home/tomatofarmer/.m2/repository/com/fasterxml/jackson/core/jackson-core/2.15.4/jackson-core-2.15.4.jar:/home/tomatofarmer/.m2/repository/com/fasterxml/jackson/core/jackson-annotations/2.15.4/jackson-annotations-2.15.4.jar:/home/tomatofarmer/.m2/repository/org/codehaus/woodstox/stax2-api/4.2.1/stax2-api-4.2.1.jar:/home/tomatofarmer/.m2/repository/com/fasterxml/woodstox/woodstox-core/6.5.1/woodstox-core-6.5.1.jar:/home/tomatofarmer/.m2/repository/com/networknt/json-schema-validator/1.0.77/json-schema-validator-1.0.77.jar:/home/tomatofarmer/.m2/repository/com/ethlo/time/itu/1.7.0/itu-1.7.0.jar:/home/tomatofarmer/.m2/repository/io/jsonwebtoken/jjwt-api/0.11.5/jjwt-api-0.11.5.jar:/home/tomatofarmer/.m2/repository/io/jsonwebtoken/jjwt-impl/0.11.5/jjwt-impl-0.11.5.jar:/home/tomatofarmer/.m2/repository/io/jsonwebtoken/jjwt-jackson/0.11.5/jjwt-jackson-0.11.5.jar:/home/tomatofarmer/.m2/repository/com/fasterxml/jackson/core/jackson-databind/2.15.4/jackson-databind-2.15.4.jar:/home/tomatofarmer/.m2/repository/org/projectlombok/lombok/1.18.30/lombok-1.18.30.jar:/home/tomatofarmer/.m2/repository/org/springdoc/springdoc-openapi-starter-webmvc-ui/2.3.0/springdoc-openapi-starter-webmvc-ui-2.3.0.jar:/home/tomatofarmer/.m2/repository/org/springdoc/springdoc-openapi-starter-webmvc-api/2.3.0/springdoc-openapi-starter-webmvc-api-2.3.0.jar:/home/tomatofarmer/.m2/repository/org/springdoc/springdoc-openapi-starter-common/2.3.0/springdoc-openapi-starter-common-2.3.0.jar:/home/tomatofarmer/.m2/repository/io/swagger/core/v3/swagger-core-jakarta/2.2.19/swagger-core-jakarta-2.2.19.jar:/home/tomatofarmer/.m2/repository/io/swagger/core/v3/swagger-annotations-jakarta/2.2.19/swagger-annotations-jakarta-2.2.19.jar:/home/tomatofarmer/.m2/repository/io/swagger/core/v3/swagger-models-jakarta/2.2.19/swagger-models-jakarta-2.2.19.jar:/home/tomatofarmer/.m2/repository/com/fasterxml/jackson/dataformat/jackson-dataformat-yaml/2.15.4/jackson-dataformat-yaml-2.15.4.jar:/home/tomatofarmer/.m2/repository/org/webjars/swagger-ui/5.10.3/swagger-ui-5.10.3.jar:/home/tomatofarmer/.m2/repository/org/springframework/boot/spring-boot-starter-test/3.2.3/spring-boot-starter-test-3.2.3.jar:/home/tomatofarmer/.m2/repository/org/springframework/boot/spring-boot-test/3.2.3/spring-boot-test-3.2.3.jar:/home/tomatofarmer/.m2/repository/org/springframework/boot/spring-boot-test-autoconfigure/3.2.3/spring-boot-test-autoconfigure-3.2.3.jar:/home/tomatofarmer/.m2/repository/com/jayway/jsonpath/json-path/2.9.0/json-path-2.9.0.jar:/home/tomatofarmer/.m2/repository/jakarta/xml/bind/jakarta.xml.bind-api/4.0.1/jakarta.xml.bind-api-4.0.1.jar:/home/tomatofarmer/.m2/repository/jakarta/activation/jakarta.activation-api/2.1.2/jakarta.activation-api-2.1.2.jar:/home/tomatofarmer/.m2/repository/net/minidev/json-smart/2.5.0/json-smart-2.5.0.jar:/home/tomatofarmer/.m2/repository/net/minidev/accessors-smart/2.5.0/accessors-smart-2.5.0.jar:/home/tomatofarmer/.m2/repository/org/ow2/asm/asm/9.3/asm-9.3.jar:/home/tomatofarmer/.m2/repository/org/assertj/assertj-core/3.24.2/assertj-core-3.24.2.jar:/home/tomatofarmer/.m2/repository/org/awaitility/awaitility/4.2.0/awaitility-4.2.0.jar:/home/tomatofarmer/.m2/repository/org/hamcrest/hamcrest/2.2/hamcrest-2.2.jar:/home/tomatofarmer/.m2/repository/org/junit/jupiter/junit-jupiter/5.10.2/junit-jupiter-5.10.2.jar:/home/tomatofarmer/.m2/repository/org/junit/jupiter/junit-jupiter-api/5.10.2/junit-jupiter-api-5.10.2.jar:/home/tomatofarmer/.m2/repository/org/opentest4j/opentest4j/1.3.0/opentest4j-1.3.0.jar:/home/tomatofarmer/.m2/repository/org/junit/platform/junit-platform-commons/1.10.2/junit-platform-commons-1.10.2.jar:/home/tomatofarmer/.m2/repository/org/apiguardian/apiguardian-api/1.1.2/apiguardian-api-1.1.2.jar:/home/tomatofarmer/.m2/repository/org/junit/jupiter/junit-jupiter-params/5.10.2/junit-jupiter-params-5.10.2.jar:/home/tomatofarmer/.m2/repository/org/junit/jupiter/junit-jupiter-engine/5.10.2/junit-jupiter-engine-5.10.2.jar:/home/tomatofarmer/.m2/repository/org/junit/platform/junit-platform-engine/1.10.2/junit-platform-engine-1.10.2.jar:/home/tomatofarmer/.m2/repository/org/mockito/mockito-core/5.7.0/mockito-core-5.7.0.jar:/home/tomatofarmer/.m2/repository/net/bytebuddy/byte-buddy-agent/1.14.12/byte-buddy-agent-1.14.12.jar:/home/tomatofarmer/.m2/repository/org/objenesis/objenesis/3.3/objenesis-3.3.jar:/home/tomatofarmer/.m2/repository/org/mockito/mockito-junit-jupiter/5.7.0/mockito-junit-jupiter-5.7.0.jar:/home/tomatofarmer/.m2/repository/org/skyscreamer/jsonassert/1.5.1/jsonassert-1.5.1.jar:/home/tomatofarmer/.m2/repository/com/vaadin/external/google/android-json/0.0.20131108.vaadin1/android-json-0.0.20131108.vaadin1.jar:/home/tomatofarmer/.m2/repository/org/springframework/spring-core/6.1.4/spring-core-6.1.4.jar:/home/tomatofarmer/.m2/repository/org/springframework/spring-jcl/6.1.4/spring-jcl-6.1.4.jar:/home/tomatofarmer/.m2/repository/org/springframework/spring-test/6.1.4/spring-test-6.1.4.jar:/home/tomatofarmer/.m2/repository/org/xmlunit/xmlunit-core/2.9.1/xmlunit-core-2.9.1.jar:/home/tomatofarmer/.m2/repository/org/springframework/security/spring-security-test/6.2.2/spring-security-test-6.2.2.jar:/home/tomatofarmer/.m2/repository/org/springframework/security/spring-security-core/6.2.2/spring-security-core-6.2.2.jar:/home/tomatofarmer/.m2/repository/org/springframework/security/spring-security-crypto/6.2.2/spring-security-crypto-6.2.2.jar:"/>
    <property name="sun.cpu.endian" value="little"/>
    <property name="user.home" value="/home/tomatofarmer"/>
    <property name="user.language" value="en"/>
    <property name="java.specification.vendor" value="Oracle Corporation"/>
    <property name="java.version.date" value="2025-01-21"/>
    <property name="java.home" value="/usr/lib/jvm/java-17-openjdk"/>
    <property name="file.separator" value="/"/>
    <property name="basedir" value="/home/tomatofarmer/hoc/undergrad_thesis/vulnview-server"/>
    <property name="java.vm.compressedOopsMode" value="Zero based"/>
    <property name="line.separator" value="&#10;"/>
    <property name="java.specification.name" value="Java Platform API Specification"/>
    <property name="java.vm.specification.vendor" value="Oracle Corporation"/>
    <property name="FILE_LOG_CHARSET" value="UTF-8"/>
    <property name="java.awt.headless" value="true"/>
    <property name="surefire.real.class.path" value="/home/tomatofarmer/hoc/undergrad_thesis/vulnview-server/target/surefire/surefirebooter-20250502114003935_3.jar"/>
    <property name="sun.management.compiler" value="HotSpot 64-Bit Tiered Compilers"/>
    <property name="java.runtime.version" value="17.0.14+7"/>
    <property name="user.name" value="tomatofarmer"/>
    <property name="path.separator" value=":"/>
    <property name="os.version" value="6.13.8-arch1-1"/>
    <property name="java.runtime.name" value="OpenJDK Runtime Environment"/>
    <property name="file.encoding" value="UTF-8"/>
    <property name="java.vm.name" value="OpenJDK 64-Bit Server VM"/>
    <property name="localRepository" value="/home/tomatofarmer/.m2/repository"/>
    <property name="java.vendor.url.bug" value="https://bugreport.java.com/bugreport/"/>
    <property name="java.io.tmpdir" value="/tmp"/>
    <property name="com.zaxxer.hikari.pool_number" value="1"/>
    <property name="java.version" value="17.0.14"/>
    <property name="user.dir" value="/home/tomatofarmer/hoc/undergrad_thesis/vulnview-server"/>
    <property name="os.arch" value="amd64"/>
    <property name="java.vm.specification.name" value="Java Virtual Machine Specification"/>
    <property name="PID" value="516600"/>
    <property name="CONSOLE_LOG_CHARSET" value="UTF-8"/>
    <property name="native.encoding" value="UTF-8"/>
    <property name="java.library.path" value="/tmp/.mount_cursorlmmHeC/usr/lib/:/tmp/.mount_cursorlmmHeC/usr/lib32/:/tmp/.mount_cursorlmmHeC/usr/lib64/:/tmp/.mount_cursorlmmHeC/lib/:/tmp/.mount_cursorlmmHeC/lib/i386-linux-gnu/:/tmp/.mount_cursorlmmHeC/lib/x86_64-linux-gnu/:/tmp/.mount_cursorlmmHeC/lib/aarch64-linux-gnu/:/tmp/.mount_cursorlmmHeC/lib32/:/tmp/.mount_cursorlmmHeC/lib64/::/usr/java/packages/lib:/usr/lib64:/lib64:/lib:/usr/lib"/>
    <property name="java.vm.info" value="mixed mode, sharing"/>
    <property name="java.vendor" value="Arch Linux"/>
    <property name="java.vm.version" value="17.0.14+7"/>
    <property name="java.specification.maintenance.version" value="1"/>
    <property name="sun.io.unicode.encoding" value="UnicodeLittle"/>
    <property name="java.class.version" value="61.0"/>
  </properties>
  <testcase name="registerShouldReturnBadRequestForInvalidInput" classname="com.vulnview.controller.AuthControllerTest" time="0.591">
    <system-out><![CDATA[11:40:06.055 [main] INFO org.springframework.test.context.support.AnnotationConfigContextLoaderUtils -- Could not detect default configuration classes for test class [com.vulnview.controller.AuthControllerTest]: AuthControllerTest does not declare any static, non-private, non-final, nested classes annotated with @Configuration.
11:40:06.505 [main] INFO org.springframework.boot.test.context.SpringBootTestContextBootstrapper -- Found @SpringBootConfiguration com.vulnview.VulnViewApplication for test class com.vulnview.controller.AuthControllerTest

  .   ____          _            __ _ _
 /\\ / ___'_ __ _ _(_)_ __  __ _ \ \ \ \
( ( )\___ | '_ | '_| | '_ \/ _` | \ \ \ \
 \\/  ___)| |_)| | | | | || (_| |  ) ) ) )
  '  |____| .__|_| |_|_| |_\__, | / / / /
 =========|_|==============|___/=/_/_/_/
 :: Spring Boot ::                (v3.2.3)

2025-05-02T11:40:07.767+07:00  INFO 516600 --- [           main] c.v.controller.AuthControllerTest        : Starting AuthControllerTest using Java 17.0.14 with PID 516600 (started by tomatofarmer in /home/tomatofarmer/hoc/undergrad_thesis/vulnview-server)
2025-05-02T11:40:07.775+07:00  INFO 516600 --- [           main] c.v.controller.AuthControllerTest        : No active profile set, falling back to 1 default profile: "default"
2025-05-02T11:40:11.366+07:00  INFO 516600 --- [           main] .s.d.r.c.RepositoryConfigurationDelegate : Bootstrapping Spring Data JPA repositories in DEFAULT mode.
2025-05-02T11:40:11.581+07:00  INFO 516600 --- [           main] .s.d.r.c.RepositoryConfigurationDelegate : Finished Spring Data repository scanning in 200 ms. Found 10 JPA repository interfaces.
2025-05-02T11:40:17.493+07:00  INFO 516600 --- [           main] o.s.o.j.p.SpringPersistenceUnitInfo      : No LoadTimeWeaver setup: ignoring JPA class transformer
2025-05-02T11:40:17.621+07:00  INFO 516600 --- [           main] com.zaxxer.hikari.HikariDataSource       : HikariPool-1 - Starting...
2025-05-02T11:40:18.158+07:00  INFO 516600 --- [           main] com.zaxxer.hikari.pool.HikariPool        : HikariPool-1 - Added connection org.postgresql.jdbc.PgConnection@8dcacf1
2025-05-02T11:40:18.166+07:00  INFO 516600 --- [           main] com.zaxxer.hikari.HikariDataSource       : HikariPool-1 - Start completed.
2025-05-02T11:40:21.792+07:00  INFO 516600 --- [           main] j.LocalContainerEntityManagerFactoryBean : Initialized JPA EntityManagerFactory for persistence unit 'default'
2025-05-02T11:40:23.695+07:00  INFO 516600 --- [           main] o.s.d.j.r.query.QueryEnhancerFactory     : Hibernate is in classpath; If applicable, HQL parser will be used.
2025-05-02T11:40:27.332+07:00  WARN 516600 --- [           main] JpaBaseConfiguration$JpaWebConfiguration : spring.jpa.open-in-view is enabled by default. Therefore, database queries may be performed during view rendering. Explicitly configure spring.jpa.open-in-view to disable this warning
2025-05-02T11:40:29.102+07:00  INFO 516600 --- [           main] o.s.b.a.e.web.EndpointLinksResolver      : Exposing 1 endpoint(s) beneath base path '/actuator'
2025-05-02T11:40:29.352+07:00  INFO 516600 --- [           main] o.s.s.web.DefaultSecurityFilterChain     : Will secure any request with [org.springframework.security.web.session.DisableEncodeUrlFilter@333cf13e, org.springframework.security.web.context.request.async.WebAsyncManagerIntegrationFilter@4b3642c4, org.springframework.security.web.context.SecurityContextHolderFilter@57212116, org.springframework.security.web.header.HeaderWriterFilter@6cd76b55, org.springframework.web.filter.CorsFilter@7b2c8390, org.springframework.security.web.authentication.logout.LogoutFilter@4dc80b7a, com.vulnview.config.JwtAuthenticationFilter@5112858c, org.springframework.security.web.savedrequest.RequestCacheAwareFilter@6d61cfe4, org.springframework.security.web.servletapi.SecurityContextHolderAwareRequestFilter@17b17fa8, org.springframework.security.web.authentication.AnonymousAuthenticationFilter@16a3060c, org.springframework.security.web.session.SessionManagementFilter@1386f8bb, org.springframework.security.web.access.ExceptionTranslationFilter@76494bed, org.springframework.security.web.access.intercept.AuthorizationFilter@e786d7e]
2025-05-02T11:40:31.039+07:00  INFO 516600 --- [           main] o.s.b.t.m.w.SpringBootMockServletContext : Initializing Spring TestDispatcherServlet ''
2025-05-02T11:40:31.039+07:00  INFO 516600 --- [           main] o.s.t.web.servlet.TestDispatcherServlet  : Initializing Servlet ''
2025-05-02T11:40:31.043+07:00  INFO 516600 --- [           main] o.s.t.web.servlet.TestDispatcherServlet  : Completed initialization in 4 ms
2025-05-02T11:40:31.173+07:00  INFO 516600 --- [           main] o.s.m.s.b.SimpleBrokerMessageHandler     : Starting...
2025-05-02T11:40:31.175+07:00  INFO 516600 --- [           main] o.s.m.s.b.SimpleBrokerMessageHandler     : BrokerAvailabilityEvent[available=true, SimpleBrokerMessageHandler [org.springframework.messaging.simp.broker.DefaultSubscriptionRegistry@40fd518f]]
2025-05-02T11:40:31.176+07:00  INFO 516600 --- [           main] o.s.m.s.b.SimpleBrokerMessageHandler     : Started.
2025-05-02T11:40:31.218+07:00  INFO 516600 --- [           main] c.v.controller.AuthControllerTest        : Started AuthControllerTest in 24.428 seconds (process running for 27.137)
]]></system-out>
  </testcase>
  <testcase name="registerShouldCreateUserAndReturnToken" classname="com.vulnview.controller.AuthControllerTest" time="0.264"/>
  <testcase name="loginShouldAuthenticateAndReturnToken" classname="com.vulnview.controller.AuthControllerTest" time="0.091"/>
</testsuite>